<html>
<head>
<title>TestNG:  SampleTest</title>
<link href="../testng.css" rel="stylesheet" type="text/css" />
<link href="../my-testng.css" rel="stylesheet" type="text/css" />

<style type="text/css">
.log { display: none;} 
.stack-trace { display: none;} 
</style>
<script type="text/javascript">
<!--
function flip(e) {
  current = e.style.display;
  if (current == 'block') {
    e.style.display = 'none';
    return 0;
  }
  else {
    e.style.display = 'block';
    return 1;
  }
}

function toggleBox(szDivId, elem, msg1, msg2)
{
  var res = -1;  if (document.getElementById) {
    res = flip(document.getElementById(szDivId));
  }
  else if (document.all) {
    // this is the way old msie versions work
    res = flip(document.all[szDivId]);
  }
  if(elem) {
    if(res == 0) elem.innerHTML = msg1; else elem.innerHTML = msg2;
  }

}

function toggleAllBoxes() {
  if (document.getElementsByTagName) {
    d = document.getElementsByTagName('div');
    for (i = 0; i < d.length; i++) {
      if (d[i].className == 'log') {
        flip(d[i]);
      }
    }
  }
}

// -->
</script>

</head>
<body>
<h2 align='center'>SampleTest</h2><table border='1' align="center">
<tr>
<td>Tests passed/Failed/Skipped:</td><td>0/0/5</td>
</tr><tr>
<td>Started on:</td><td>Mon Jul 10 11:13:59 IST 2017</td>
</tr>
<tr><td>Total time:</td><td>51 seconds (51649 ms)</td>
</tr><tr>
<td>Included groups:</td><td></td>
</tr><tr>
<td>Excluded groups:</td><td></td>
</tr>
</table><p/>
<small><i>(Hover the method name to see the test class name)</i></small><p/>
<table width='100%' border='1' class='invocation-failed'>
<tr><td colspan='4' align='center'><b>FAILED CONFIGURATIONS</b></td></tr>
<tr><td><b>Test method</b></td>
<td width="30%"><b>Exception</b></td>
<td width="10%"><b>Time (seconds)</b></td>
<td><b>Instance</b></td>
</tr>
<tr>
<td title='com.atmecs.partnerportal.testscript.ProjectDetailsTestScript.initializeBrowser()'><b>initializeBrowser</b><br>Test class: com.atmecs.partnerportal.testscript.ProjectDetailsTestScript<br>Parameters: WIN, 7, firefox, 57<br/>
<a href="#Output-1362934135" onClick='toggleBox("Output-1362934135", this, "Show output", "Hide output");'>Show output</a>

<a href="#Output-1362934135" onClick="toggleAllBoxes();">Show all outputs</a>
<div class='log' id="Output-1362934135">
Opening browser: firefox<br/>
</div>
</td>
<td><div><pre>org.openqa.selenium.WebDriverException: Failed to connect to binary FirefoxBinary(C:\Program Files (x86)\Mozilla Firefox\firefox.exe) on port 7055; process output follows: 
&quot;locales&quot;:[],&quot;targetApplications&quot;:[{&quot;id&quot;:&quot;{ec8030f7-c20a-464f-9b0e-13a3a9e97384}&quot;,&quot;minVersion&quot;:&quot;54.0.1&quot;,&quot;maxVersion&quot;:&quot;54.0.1&quot;}],&quot;targetPlatforms&quot;:[],&quot;seen&quot;:true,&quot;dependencies&quot;:[],&quot;hasEmbeddedWebExtension&quot;:false,&quot;userPermissions&quot;:null}
1499665450876	addons.xpi	DEBUG	getModTime: Recursive scan of {972ce4c6-7e08-4474-a285-3208198ce6fd}
1499665450879	DeferredSave.extensions.json	DEBUG	Save changes
1499665450879	addons.xpi	DEBUG	Updating database with changes to installed add-ons
1499665450880	addons.xpi-utils	DEBUG	Updating add-on states
1499665450884	addons.xpi-utils	DEBUG	Writing add-ons list
1499665450889	addons.xpi	DEBUG	Registering manifest for C:\Program Files (x86)\Mozilla Firefox\browser\features\aushelper@mozilla.org.xpi
1499665450890	addons.xpi	DEBUG	Calling bootstrap method startup on aushelper@mozilla.org version 2.0
1499665450897	addons.xpi	DEBUG	Registering manifest for C:\Program Files (x86)\Mozilla Firefox\browser\features\e10srollout@mozilla.org.xpi
1499665450910	addons.xpi	DEBUG	Calling bootstrap method startup on e10srollout@mozilla.org version 1.50
1499665450912	addons.xpi	DEBUG	Registering manifest for C:\Program Files (x86)\Mozilla Firefox\browser\features\firefox@getpocket.com.xpi
1499665450913	addons.xpi	DEBUG	Calling bootstrap method startup on firefox@getpocket.com version 1.0.5
1499665450916	addons.xpi	DEBUG	Registering manifest for C:\Program Files (x86)\Mozilla Firefox\browser\features\screenshots@mozilla.org.xpi
1499665450917	addons.xpi	DEBUG	Calling bootstrap method startup on screenshots@mozilla.org version 6.6.0
1499665450918	addons.xpi	DEBUG	Registering manifest for C:\Program Files (x86)\Mozilla Firefox\browser\features\webcompat@mozilla.org.xpi
1499665450919	addons.xpi	DEBUG	Calling bootstrap method startup on webcompat@mozilla.org version 1.1
1499665451011	addons.manager	DEBUG	Registering shutdown blocker for XPIProvider
1499665451012	addons.manager	DEBUG	Provider finished startup: XPIProvider
1499665451012	addons.manager	DEBUG	Starting provider: LightweightThemeManager
1499665451012	addons.manager	DEBUG	Registering shutdown blocker for LightweightThemeManager
1499665451013	addons.manager	DEBUG	Provider finished startup: LightweightThemeManager
1499665451014	addons.manager	DEBUG	Starting provider: GMPProvider
1499665451077	addons.manager	DEBUG	Registering shutdown blocker for GMPProvider
1499665451078	addons.manager	DEBUG	Provider finished startup: GMPProvider
1499665451078	addons.manager	DEBUG	Starting provider: PluginProvider
1499665451079	addons.manager	DEBUG	Registering shutdown blocker for PluginProvider
1499665451079	addons.manager	DEBUG	Provider finished startup: PluginProvider
1499665451080	addons.manager	DEBUG	Completed startup sequence
1499665453944	addons.manager	DEBUG	Starting provider: &lt;unnamed-provider&gt;
1499665453945	addons.manager	DEBUG	Registering shutdown blocker for &lt;unnamed-provider&gt;
1499665453946	addons.manager	DEBUG	Provider finished startup: &lt;unnamed-provider&gt;
1499665454407	DeferredSave.extensions.json	DEBUG	Write succeeded
1499665454407	addons.xpi-utils	DEBUG	XPI Database saved, setting schema version preference to 19
1499665454407	DeferredSave.extensions.json	DEBUG	Starting timer
1499665454433	DeferredSave.extensions.json	DEBUG	Starting write
1499665454437	addons.repository	DEBUG	No addons.json found.
1499665454438	DeferredSave.addons.json	DEBUG	Save changes
1499665454443	DeferredSave.addons.json	DEBUG	Starting timer
1499665454567	addons.manager	DEBUG	Starting provider: PreviousExperimentProvider
1499665454567	addons.manager	DEBUG	Registering shutdown blocker for PreviousExperimentProvider
1499665454567	addons.manager	DEBUG	Provider finished startup: PreviousExperimentProvider
1499665454572	DeferredSave.addons.json	DEBUG	Starting write
1499665454703	DeferredSave.extensions.json	DEBUG	Write succeeded
1499665454736	DeferredSave.addons.json	DEBUG	Write succeeded
[GPU 3968] WARNING: pipe error: 109: file c:/builds/moz2_slave/m-rel-w32-00000000000000000000/build/src/ipc/chromium/src/chrome/common/ipc_channel_win.cc, line 346

Build info: version: &apos;2.53.1&apos;, revision: &apos;a36b8b1cd5757287168e54b817830adce9b0158d&apos;, time: &apos;2016-06-30 19:26:09&apos;
System info: host: &apos;ATMECSINDT-055&apos;, ip: &apos;50.50.50.149&apos;, os.name: &apos;Windows 7&apos;, os.arch: &apos;amd64&apos;, os.version: &apos;6.1&apos;, java.version: &apos;1.8.0_101&apos;
Driver info: driver.version: FirefoxDriver
	at org.openqa.selenium.firefox.internal.NewProfileExtensionConnection.start(NewProfileExtensionConnection.java:125)
	at org.openqa.selenium.firefox.FirefoxDriver.startClient(FirefoxDriver.java:271)
	at org.openqa.selenium.remote.RemoteWebDriver.&lt;init&gt;(RemoteWebDriver.java:119)
	at org.openqa.selenium.firefox.FirefoxDriver.&lt;init&gt;(FirefoxDriver.java:216)
	at org.openqa.selenium.firefox.FirefoxDriver.&lt;init&gt;(FirefoxDriver.java:211)
	at org.openqa.selenium.firefox.FirefoxDriver.&lt;init&gt;(FirefoxDriver.java:207)
	at org.openqa.selenium.firefox.FirefoxDriver.&lt;init&gt;(FirefoxDriver.java:120)
	at com.atmecs.falcon.automation.ui.selenium.RunModeLocal.&lt;init&gt;(RunModeLocal.java:35)
	at com.atmecs.falcon.automation.ui.selenium.RunModeFactory.getRunMode(RunModeFactory.java:35)
	at com.atmecs.falcon.automation.ui.selenium.Browser.openURL(Browser.java:345)
	at com.atmecs.partnerportal.testscript.Utils.initialize(Utils.java:31)
	at com.atmecs.partnerportal.testscript.ProjectDetailsTestScript.initializeBrowser(ProjectDetailsTestScript.java:41)
	at com.atmecs.partnerportal.runner.TestNGRunner.main(TestNGRunner.java:58)
	at org.codehaus.mojo.exec.ExecJavaMojo$1.run(ExecJavaMojo.java:294)
	at java.lang.Thread.run(Thread.java:745)
Caused by: org.openqa.selenium.firefox.NotConnectedException: Unable to connect to host 127.0.0.1 on port 7055 after 45000 ms. Firefox console output:
&quot;locales&quot;:[],&quot;targetApplications&quot;:[{&quot;id&quot;:&quot;{ec8030f7-c20a-464f-9b0e-13a3a9e97384}&quot;,&quot;minVersion&quot;:&quot;54.0.1&quot;,&quot;maxVersion&quot;:&quot;54.0.1&quot;}],&quot;targetPlatforms&quot;:[],&quot;seen&quot;:true,&quot;dependencies&quot;:[],&quot;hasEmbeddedWebExtension&quot;:false,&quot;userPermissions&quot;:null}
1499665450876	addons.xpi	DEBUG	getModTime: Recursive scan of {972ce4c6-7e08-4474-a285-3208198ce6fd}
1499665450879	DeferredSave.extensions.json	DEBUG	Save changes
1499665450879	addons.xpi	DEBUG	Updating database with changes to installed add-ons
1499665450880	addons.xpi-utils	DEBUG	Updating add-on states
1499665450884	addons.xpi-utils	DEBUG	Writing add-ons list
1499665450889	addons.xpi	DEBUG	Registering manifest for C:\Program Files (x86)\Mozilla Firefox\browser\features\aushelper@mozilla.org.xpi
1499665450890	addons.xpi	DEBUG	Calling bootstrap method startup on aushelper@mozilla.org version 2.0
1499665450897	addons.xpi	DEBUG	Registering manifest for C:\Program Files (x86)\Mozilla Firefox\browser\features\e10srollout@mozilla.org.xpi
1499665450910	addons.xpi	DEBUG	Calling bootstrap method startup on e10srollout@mozilla.org version 1.50
1499665450912	addons.xpi	DEBUG	Registering manifest for C:\Program Files (x86)\Mozilla Firefox\browser\features\firefox@getpocket.com.xpi
1499665450913	addons.xpi	DEBUG	Calling bootstrap method startup on firefox@getpocket.com version 1.0.5
1499665450916	addons.xpi	DEBUG	Registering manifest for C:\Program Files (x86)\Mozilla Firefox\browser\features\screenshots@mozilla.org.xpi
1499665450917	addons.xpi	DEBUG	Calling bootstrap method startup on screenshots@mozilla.org version 6.6.0
1499665450918	addons.xpi	DEBUG	Registering manifest for C:\Program Files (x86)\Mozilla Firefox\browser\features\webcompat@mozilla.org.xpi
1499665450919	addons.xpi	DEBUG	Calling bootstrap method startup on webcompat@mozilla.org version 1.1
1499665451011	addons.manager	DEBUG	Registering shutdown blocker for XPIProvider
1499665451012	addons.manager	DEBUG	Provider finished startup: XPIProvider
1499665451012	addons.manager	DEBUG	Starting provider: LightweightThemeManager
1499665451012	addons.manager	DEBUG	Registering shutdown blocker for LightweightThemeManager
1499665451013	addons.manager	DEBUG	Provider finished startup: LightweightThemeManager
1499665451014	addons.manager	DEBUG	Starting provider: GMPProvider
1499665451077	addons.manager	DEBUG	Registering shutdown blocker for GMPProvider
1499665451078	addons.manager	DEBUG	Provider finished startup: GMPProvider
1499665451078	addons.manager	DEBUG	Starting provider: PluginProvider
1499665451079	addons.manager	DEBUG	Registering shutdown blocker for PluginProvider
1499665451079	addons.manager	DEBUG	Provider finished startup: PluginProvider
1499665451080	addons.manager	DEBUG	Completed startup sequence
1499665453944	addons.manager	DEBUG	Starting provider: &lt;unnamed-provider&gt;
1499665453945	addons.manager	DEBUG	Registering shutdown blocker for &lt;unnamed-provider&gt;
1499665453946	addons.manager	DEBUG	Provider finished startup: &lt;unnamed-provider&gt;
1499665454407	DeferredSave.extensions.json	DEBUG	Write succeeded
1499665454407	addons.xpi-utils	DEBUG	XPI Database saved, setting schema version preference to 19
1499665454407	DeferredSave.extensions.json	DEBUG	Starting timer
1499665454433	DeferredSave.extensions.json	DEBUG	Starting write
1499665454437	addons.repository	DEBUG	No addons.json found.
1499665454438	DeferredSave.addons.json	DEBUG	Save changes
1499665454443	DeferredSave.addons.json	DEBUG	Starting timer
1499665454567	addons.manager	DEBUG	Starting provider: PreviousExperimentProvider
1499665454567	addons.manager	DEBUG	Registering shutdown blocker for PreviousExperimentProvider
1499665454567	addons.manager	DEBUG	Provider finished startup: PreviousExperimentProvider
1499665454572	DeferredSave.addons.json	DEBUG	Starting write
1499665454703	DeferredSave.extensions.json	DEBUG	Write succeeded
1499665454736	DeferredSave.addons.json	DEBUG	Write succeeded
[GPU 3968] WARNING: pipe error: 109: file c:/builds/moz2_slave/m-rel-w32-00000000000000000000/build/src/ipc/chromium/src/chrome/common/ipc_channel_win.cc, line 346

	at org.openqa.selenium.firefox.internal.NewProfileExtensionConnection.start(NewProfileExtensionConnection.java:113)
	... 41 more
... Removed 27 stack frames</pre></div><a href='#' onClick='toggleBox("stack-trace1362934135", this, "Click to show all stack frames", "Click to hide stack frames")'>Click to show all stack frames</a>
<div class='stack-trace' id='stack-trace1362934135'><pre>org.openqa.selenium.WebDriverException: Failed to connect to binary FirefoxBinary(C:\Program Files (x86)\Mozilla Firefox\firefox.exe) on port 7055; process output follows: 
&quot;locales&quot;:[],&quot;targetApplications&quot;:[{&quot;id&quot;:&quot;{ec8030f7-c20a-464f-9b0e-13a3a9e97384}&quot;,&quot;minVersion&quot;:&quot;54.0.1&quot;,&quot;maxVersion&quot;:&quot;54.0.1&quot;}],&quot;targetPlatforms&quot;:[],&quot;seen&quot;:true,&quot;dependencies&quot;:[],&quot;hasEmbeddedWebExtension&quot;:false,&quot;userPermissions&quot;:null}
1499665450876	addons.xpi	DEBUG	getModTime: Recursive scan of {972ce4c6-7e08-4474-a285-3208198ce6fd}
1499665450879	DeferredSave.extensions.json	DEBUG	Save changes
1499665450879	addons.xpi	DEBUG	Updating database with changes to installed add-ons
1499665450880	addons.xpi-utils	DEBUG	Updating add-on states
1499665450884	addons.xpi-utils	DEBUG	Writing add-ons list
1499665450889	addons.xpi	DEBUG	Registering manifest for C:\Program Files (x86)\Mozilla Firefox\browser\features\aushelper@mozilla.org.xpi
1499665450890	addons.xpi	DEBUG	Calling bootstrap method startup on aushelper@mozilla.org version 2.0
1499665450897	addons.xpi	DEBUG	Registering manifest for C:\Program Files (x86)\Mozilla Firefox\browser\features\e10srollout@mozilla.org.xpi
1499665450910	addons.xpi	DEBUG	Calling bootstrap method startup on e10srollout@mozilla.org version 1.50
1499665450912	addons.xpi	DEBUG	Registering manifest for C:\Program Files (x86)\Mozilla Firefox\browser\features\firefox@getpocket.com.xpi
1499665450913	addons.xpi	DEBUG	Calling bootstrap method startup on firefox@getpocket.com version 1.0.5
1499665450916	addons.xpi	DEBUG	Registering manifest for C:\Program Files (x86)\Mozilla Firefox\browser\features\screenshots@mozilla.org.xpi
1499665450917	addons.xpi	DEBUG	Calling bootstrap method startup on screenshots@mozilla.org version 6.6.0
1499665450918	addons.xpi	DEBUG	Registering manifest for C:\Program Files (x86)\Mozilla Firefox\browser\features\webcompat@mozilla.org.xpi
1499665450919	addons.xpi	DEBUG	Calling bootstrap method startup on webcompat@mozilla.org version 1.1
1499665451011	addons.manager	DEBUG	Registering shutdown blocker for XPIProvider
1499665451012	addons.manager	DEBUG	Provider finished startup: XPIProvider
1499665451012	addons.manager	DEBUG	Starting provider: LightweightThemeManager
1499665451012	addons.manager	DEBUG	Registering shutdown blocker for LightweightThemeManager
1499665451013	addons.manager	DEBUG	Provider finished startup: LightweightThemeManager
1499665451014	addons.manager	DEBUG	Starting provider: GMPProvider
1499665451077	addons.manager	DEBUG	Registering shutdown blocker for GMPProvider
1499665451078	addons.manager	DEBUG	Provider finished startup: GMPProvider
1499665451078	addons.manager	DEBUG	Starting provider: PluginProvider
1499665451079	addons.manager	DEBUG	Registering shutdown blocker for PluginProvider
1499665451079	addons.manager	DEBUG	Provider finished startup: PluginProvider
1499665451080	addons.manager	DEBUG	Completed startup sequence
1499665453944	addons.manager	DEBUG	Starting provider: &lt;unnamed-provider&gt;
1499665453945	addons.manager	DEBUG	Registering shutdown blocker for &lt;unnamed-provider&gt;
1499665453946	addons.manager	DEBUG	Provider finished startup: &lt;unnamed-provider&gt;
1499665454407	DeferredSave.extensions.json	DEBUG	Write succeeded
1499665454407	addons.xpi-utils	DEBUG	XPI Database saved, setting schema version preference to 19
1499665454407	DeferredSave.extensions.json	DEBUG	Starting timer
1499665454433	DeferredSave.extensions.json	DEBUG	Starting write
1499665454437	addons.repository	DEBUG	No addons.json found.
1499665454438	DeferredSave.addons.json	DEBUG	Save changes
1499665454443	DeferredSave.addons.json	DEBUG	Starting timer
1499665454567	addons.manager	DEBUG	Starting provider: PreviousExperimentProvider
1499665454567	addons.manager	DEBUG	Registering shutdown blocker for PreviousExperimentProvider
1499665454567	addons.manager	DEBUG	Provider finished startup: PreviousExperimentProvider
1499665454572	DeferredSave.addons.json	DEBUG	Starting write
1499665454703	DeferredSave.extensions.json	DEBUG	Write succeeded
1499665454736	DeferredSave.addons.json	DEBUG	Write succeeded
[GPU 3968] WARNING: pipe error: 109: file c:/builds/moz2_slave/m-rel-w32-00000000000000000000/build/src/ipc/chromium/src/chrome/common/ipc_channel_win.cc, line 346

Build info: version: &apos;2.53.1&apos;, revision: &apos;a36b8b1cd5757287168e54b817830adce9b0158d&apos;, time: &apos;2016-06-30 19:26:09&apos;
System info: host: &apos;ATMECSINDT-055&apos;, ip: &apos;50.50.50.149&apos;, os.name: &apos;Windows 7&apos;, os.arch: &apos;amd64&apos;, os.version: &apos;6.1&apos;, java.version: &apos;1.8.0_101&apos;
Driver info: driver.version: FirefoxDriver
	at org.openqa.selenium.firefox.internal.NewProfileExtensionConnection.start(NewProfileExtensionConnection.java:125)
	at org.openqa.selenium.firefox.FirefoxDriver.startClient(FirefoxDriver.java:271)
	at org.openqa.selenium.remote.RemoteWebDriver.&lt;init&gt;(RemoteWebDriver.java:119)
	at org.openqa.selenium.firefox.FirefoxDriver.&lt;init&gt;(FirefoxDriver.java:216)
	at org.openqa.selenium.firefox.FirefoxDriver.&lt;init&gt;(FirefoxDriver.java:211)
	at org.openqa.selenium.firefox.FirefoxDriver.&lt;init&gt;(FirefoxDriver.java:207)
	at org.openqa.selenium.firefox.FirefoxDriver.&lt;init&gt;(FirefoxDriver.java:120)
	at com.atmecs.falcon.automation.ui.selenium.RunModeLocal.&lt;init&gt;(RunModeLocal.java:35)
	at com.atmecs.falcon.automation.ui.selenium.RunModeFactory.getRunMode(RunModeFactory.java:35)
	at com.atmecs.falcon.automation.ui.selenium.Browser.openURL(Browser.java:345)
	at com.atmecs.partnerportal.testscript.Utils.initialize(Utils.java:31)
	at com.atmecs.partnerportal.testscript.ProjectDetailsTestScript.initializeBrowser(ProjectDetailsTestScript.java:41)
	at sun.reflect.NativeMethodAccessorImpl.invoke0(Native Method)
	at sun.reflect.NativeMethodAccessorImpl.invoke(NativeMethodAccessorImpl.java:62)
	at sun.reflect.DelegatingMethodAccessorImpl.invoke(DelegatingMethodAccessorImpl.java:43)
	at java.lang.reflect.Method.invoke(Method.java:498)
	at org.testng.internal.MethodInvocationHelper.invokeMethod(MethodInvocationHelper.java:85)
	at org.testng.internal.Invoker.invokeConfigurationMethod(Invoker.java:510)
	at org.testng.internal.Invoker.invokeConfigurations(Invoker.java:211)
	at org.testng.internal.Invoker.invokeMethod(Invoker.java:585)
	at org.testng.internal.Invoker.invokeTestMethod(Invoker.java:816)
	at org.testng.internal.Invoker.invokeTestMethods(Invoker.java:1124)
	at org.testng.internal.TestMethodWorker.invokeTestMethods(TestMethodWorker.java:125)
	at org.testng.internal.TestMethodWorker.run(TestMethodWorker.java:108)
	at org.testng.TestRunner.privateRun(TestRunner.java:774)
	at org.testng.TestRunner.run(TestRunner.java:624)
	at org.testng.SuiteRunner.runTest(SuiteRunner.java:359)
	at org.testng.SuiteRunner.runSequentially(SuiteRunner.java:354)
	at org.testng.SuiteRunner.privateRun(SuiteRunner.java:312)
	at org.testng.SuiteRunner.run(SuiteRunner.java:261)
	at org.testng.SuiteRunnerWorker.runSuite(SuiteRunnerWorker.java:52)
	at org.testng.SuiteRunnerWorker.run(SuiteRunnerWorker.java:86)
	at org.testng.TestNG.runSuitesSequentially(TestNG.java:1215)
	at org.testng.TestNG.runSuitesLocally(TestNG.java:1140)
	at org.testng.TestNG.run(TestNG.java:1048)
	at com.atmecs.partnerportal.runner.TestNGRunner.main(TestNGRunner.java:58)
	at sun.reflect.NativeMethodAccessorImpl.invoke0(Native Method)
	at sun.reflect.NativeMethodAccessorImpl.invoke(NativeMethodAccessorImpl.java:62)
	at sun.reflect.DelegatingMethodAccessorImpl.invoke(DelegatingMethodAccessorImpl.java:43)
	at java.lang.reflect.Method.invoke(Method.java:498)
	at org.codehaus.mojo.exec.ExecJavaMojo$1.run(ExecJavaMojo.java:294)
	at java.lang.Thread.run(Thread.java:745)
Caused by: org.openqa.selenium.firefox.NotConnectedException: Unable to connect to host 127.0.0.1 on port 7055 after 45000 ms. Firefox console output:
&quot;locales&quot;:[],&quot;targetApplications&quot;:[{&quot;id&quot;:&quot;{ec8030f7-c20a-464f-9b0e-13a3a9e97384}&quot;,&quot;minVersion&quot;:&quot;54.0.1&quot;,&quot;maxVersion&quot;:&quot;54.0.1&quot;}],&quot;targetPlatforms&quot;:[],&quot;seen&quot;:true,&quot;dependencies&quot;:[],&quot;hasEmbeddedWebExtension&quot;:false,&quot;userPermissions&quot;:null}
1499665450876	addons.xpi	DEBUG	getModTime: Recursive scan of {972ce4c6-7e08-4474-a285-3208198ce6fd}
1499665450879	DeferredSave.extensions.json	DEBUG	Save changes
1499665450879	addons.xpi	DEBUG	Updating database with changes to installed add-ons
1499665450880	addons.xpi-utils	DEBUG	Updating add-on states
1499665450884	addons.xpi-utils	DEBUG	Writing add-ons list
1499665450889	addons.xpi	DEBUG	Registering manifest for C:\Program Files (x86)\Mozilla Firefox\browser\features\aushelper@mozilla.org.xpi
1499665450890	addons.xpi	DEBUG	Calling bootstrap method startup on aushelper@mozilla.org version 2.0
1499665450897	addons.xpi	DEBUG	Registering manifest for C:\Program Files (x86)\Mozilla Firefox\browser\features\e10srollout@mozilla.org.xpi
1499665450910	addons.xpi	DEBUG	Calling bootstrap method startup on e10srollout@mozilla.org version 1.50
1499665450912	addons.xpi	DEBUG	Registering manifest for C:\Program Files (x86)\Mozilla Firefox\browser\features\firefox@getpocket.com.xpi
1499665450913	addons.xpi	DEBUG	Calling bootstrap method startup on firefox@getpocket.com version 1.0.5
1499665450916	addons.xpi	DEBUG	Registering manifest for C:\Program Files (x86)\Mozilla Firefox\browser\features\screenshots@mozilla.org.xpi
1499665450917	addons.xpi	DEBUG	Calling bootstrap method startup on screenshots@mozilla.org version 6.6.0
1499665450918	addons.xpi	DEBUG	Registering manifest for C:\Program Files (x86)\Mozilla Firefox\browser\features\webcompat@mozilla.org.xpi
1499665450919	addons.xpi	DEBUG	Calling bootstrap method startup on webcompat@mozilla.org version 1.1
1499665451011	addons.manager	DEBUG	Registering shutdown blocker for XPIProvider
1499665451012	addons.manager	DEBUG	Provider finished startup: XPIProvider
1499665451012	addons.manager	DEBUG	Starting provider: LightweightThemeManager
1499665451012	addons.manager	DEBUG	Registering shutdown blocker for LightweightThemeManager
1499665451013	addons.manager	DEBUG	Provider finished startup: LightweightThemeManager
1499665451014	addons.manager	DEBUG	Starting provider: GMPProvider
1499665451077	addons.manager	DEBUG	Registering shutdown blocker for GMPProvider
1499665451078	addons.manager	DEBUG	Provider finished startup: GMPProvider
1499665451078	addons.manager	DEBUG	Starting provider: PluginProvider
1499665451079	addons.manager	DEBUG	Registering shutdown blocker for PluginProvider
1499665451079	addons.manager	DEBUG	Provider finished startup: PluginProvider
1499665451080	addons.manager	DEBUG	Completed startup sequence
1499665453944	addons.manager	DEBUG	Starting provider: &lt;unnamed-provider&gt;
1499665453945	addons.manager	DEBUG	Registering shutdown blocker for &lt;unnamed-provider&gt;
1499665453946	addons.manager	DEBUG	Provider finished startup: &lt;unnamed-provider&gt;
1499665454407	DeferredSave.extensions.json	DEBUG	Write succeeded
1499665454407	addons.xpi-utils	DEBUG	XPI Database saved, setting schema version preference to 19
1499665454407	DeferredSave.extensions.json	DEBUG	Starting timer
1499665454433	DeferredSave.extensions.json	DEBUG	Starting write
1499665454437	addons.repository	DEBUG	No addons.json found.
1499665454438	DeferredSave.addons.json	DEBUG	Save changes
1499665454443	DeferredSave.addons.json	DEBUG	Starting timer
1499665454567	addons.manager	DEBUG	Starting provider: PreviousExperimentProvider
1499665454567	addons.manager	DEBUG	Registering shutdown blocker for PreviousExperimentProvider
1499665454567	addons.manager	DEBUG	Provider finished startup: PreviousExperimentProvider
1499665454572	DeferredSave.addons.json	DEBUG	Starting write
1499665454703	DeferredSave.extensions.json	DEBUG	Write succeeded
1499665454736	DeferredSave.addons.json	DEBUG	Write succeeded
[GPU 3968] WARNING: pipe error: 109: file c:/builds/moz2_slave/m-rel-w32-00000000000000000000/build/src/ipc/chromium/src/chrome/common/ipc_channel_win.cc, line 346

	at org.openqa.selenium.firefox.internal.NewProfileExtensionConnection.start(NewProfileExtensionConnection.java:113)
	... 41 more
</pre></div></td>
<td>0</td>
<td>com.atmecs.partnerportal.testscript.ProjectDetailsTestScript@60d58141</td></tr>
</table><p>
<table width='100%' border='1' class='invocation-skipped'>
<tr><td colspan='4' align='center'><b>SKIPPED CONFIGURATIONS</b></td></tr>
<tr><td><b>Test method</b></td>
<td width="30%"><b>Exception</b></td>
<td width="10%"><b>Time (seconds)</b></td>
<td><b>Instance</b></td>
</tr>
<tr>
<td title='com.atmecs.partnerportal.testscript.ProjectDetailsTestScript.initializeBrowser()'><b>initializeBrowser</b><br>Test class: com.atmecs.partnerportal.testscript.ProjectDetailsTestScript</td>
<td></td>
<td>0</td>
<td>com.atmecs.partnerportal.testscript.ProjectDetailsTestScript@60d58141</td></tr>
<tr>
<td title='com.atmecs.partnerportal.testscript.ProjectDetailsTestScript.initializeBrowser()'><b>initializeBrowser</b><br>Test class: com.atmecs.partnerportal.testscript.ProjectDetailsTestScript</td>
<td></td>
<td>0</td>
<td>com.atmecs.partnerportal.testscript.ProjectDetailsTestScript@60d58141</td></tr>
<tr>
<td title='com.atmecs.partnerportal.testscript.ProjectDetailsTestScript.initializeBrowser()'><b>initializeBrowser</b><br>Test class: com.atmecs.partnerportal.testscript.ProjectDetailsTestScript</td>
<td></td>
<td>0</td>
<td>com.atmecs.partnerportal.testscript.ProjectDetailsTestScript@60d58141</td></tr>
<tr>
<td title='com.atmecs.partnerportal.testscript.ProjectDetailsTestScript.initializeBrowser()'><b>initializeBrowser</b><br>Test class: com.atmecs.partnerportal.testscript.ProjectDetailsTestScript</td>
<td></td>
<td>0</td>
<td>com.atmecs.partnerportal.testscript.ProjectDetailsTestScript@60d58141</td></tr>
<tr>
<td title='com.atmecs.partnerportal.testscript.ProjectDetailsTestScript.closeBrowser()'><b>closeBrowser</b><br>Test class: com.atmecs.partnerportal.testscript.ProjectDetailsTestScript</td>
<td></td>
<td>0</td>
<td>com.atmecs.partnerportal.testscript.ProjectDetailsTestScript@60d58141</td></tr>
<tr>
<td title='com.atmecs.partnerportal.testscript.ProjectDetailsTestScript.closeBrowser()'><b>closeBrowser</b><br>Test class: com.atmecs.partnerportal.testscript.ProjectDetailsTestScript</td>
<td></td>
<td>0</td>
<td>com.atmecs.partnerportal.testscript.ProjectDetailsTestScript@60d58141</td></tr>
<tr>
<td title='com.atmecs.partnerportal.testscript.ProjectDetailsTestScript.closeBrowser()'><b>closeBrowser</b><br>Test class: com.atmecs.partnerportal.testscript.ProjectDetailsTestScript</td>
<td></td>
<td>0</td>
<td>com.atmecs.partnerportal.testscript.ProjectDetailsTestScript@60d58141</td></tr>
<tr>
<td title='com.atmecs.partnerportal.testscript.ProjectDetailsTestScript.closeBrowser()'><b>closeBrowser</b><br>Test class: com.atmecs.partnerportal.testscript.ProjectDetailsTestScript</td>
<td></td>
<td>0</td>
<td>com.atmecs.partnerportal.testscript.ProjectDetailsTestScript@60d58141</td></tr>
<tr>
<td title='com.atmecs.partnerportal.testscript.ProjectDetailsTestScript.closeBrowser()'><b>closeBrowser</b><br>Test class: com.atmecs.partnerportal.testscript.ProjectDetailsTestScript</td>
<td></td>
<td>0</td>
<td>com.atmecs.partnerportal.testscript.ProjectDetailsTestScript@60d58141</td></tr>
</table><p>
<table width='100%' border='1' class='invocation-skipped'>
<tr><td colspan='4' align='center'><b>SKIPPED TESTS</b></td></tr>
<tr><td><b>Test method</b></td>
<td width="30%"><b>Exception</b></td>
<td width="10%"><b>Time (seconds)</b></td>
<td><b>Instance</b></td>
</tr>
<tr>
<td title='com.atmecs.partnerportal.testscript.ProjectDetailsTestScript.addResources()'><b>addResources</b><br>Test class: com.atmecs.partnerportal.testscript.ProjectDetailsTestScript</td>
<td></td>
<td>0</td>
<td>com.atmecs.partnerportal.testscript.ProjectDetailsTestScript@60d58141</td></tr>
<tr>
<td title='com.atmecs.partnerportal.testscript.ProjectDetailsTestScript.checkProjectStatus()'><b>checkProjectStatus</b><br>Test class: com.atmecs.partnerportal.testscript.ProjectDetailsTestScript</td>
<td></td>
<td>0</td>
<td>com.atmecs.partnerportal.testscript.ProjectDetailsTestScript@60d58141</td></tr>
<tr>
<td title='com.atmecs.partnerportal.testscript.ProjectDetailsTestScript.customerContactTest()'><b>customerContactTest</b><br>Test class: com.atmecs.partnerportal.testscript.ProjectDetailsTestScript</td>
<td></td>
<td>0</td>
<td>com.atmecs.partnerportal.testscript.ProjectDetailsTestScript@60d58141</td></tr>
<tr>
<td title='com.atmecs.partnerportal.testscript.ProjectDetailsTestScript.updateContactTest()'><b>updateContactTest</b><br>Test class: com.atmecs.partnerportal.testscript.ProjectDetailsTestScript</td>
<td></td>
<td>0</td>
<td>com.atmecs.partnerportal.testscript.ProjectDetailsTestScript@60d58141</td></tr>
<tr>
<td title='com.atmecs.partnerportal.testscript.ProjectDetailsTestScript.updateResources()'><b>updateResources</b><br>Test class: com.atmecs.partnerportal.testscript.ProjectDetailsTestScript</td>
<td></td>
<td>0</td>
<td>com.atmecs.partnerportal.testscript.ProjectDetailsTestScript@60d58141</td></tr>
</table><p>
</body>
</html>